make.exe all -f "e:\dev\projs\C++\openGL_0.1\Makefile" --print-data-base --no-builtin-variables --no-builtin-rules --question
make: *** No rule to make target 'all'.  Stop.
 
# GNU Make 4.3
# Built for Windows32
# Copyright (C) 1988-2020 Free Software Foundation, Inc.
# License GPLv3+: GNU GPL version 3 or later <http://gnu.org/licenses/gpl.html>
# This is free software: you are free to change and redistribute it.
# There is NO WARRANTY, to the extent permitted by law.

# Make data base, printed on Tue Nov 30 18:07:45 2021

# Variables

# environment
SYSTEMDRIVE = C:
# environment
LC_ALL = C
# makefile (from 'e:\dev\projs\C++\openGL_0.1\makefile', line 3)
FOLDER = src/
# makefile (from 'e:\dev\projs\C++\openGL_0.1\makefile', line 6)
I_GLFW = -I dependencies\GLFW\include
# environment
USERPROFILE = C:\Users\Druid
# makefile (from 'e:\dev\projs\C++\openGL_0.1\makefile', line 5)
I_GLEW = -I dependencies\GLEW\include
# environment
LOCALAPPDATA = C:\Users\Druid\AppData\Local
# makefile (from 'e:\dev\projs\C++\openGL_0.1\makefile', line 8)
L_GLFW = -L dependencies\GLFW\lib-mingw-w64 -lglfw3
# environment
VSCODE_IPC_HOOK_EXTHOST = \\.\pipe\vscode-ipc-ce3e1762-bcf3-4daf-9153-bad666619518-sock
# makefile (from 'e:\dev\projs\C++\openGL_0.1\makefile', line 12)
IL_ALL = $(IL_GLFW) $(IL_GLEW)
# environment
VSCODE_CWD = C:\Users\Druid\AppData\Local\Programs\Microsoft VS Code
# environment
CHOCOLATEYINSTALL = C:\ProgramData\chocolatey
# environment
SYSTEMROOT = C:\WINDOWS
# environment
PROCESSOR_LEVEL = 23
# environment
PSMODULEPATH = C:\Program Files\WindowsPowerShell\Modules;C:\WINDOWS\system32\WindowsPowerShell\v1.0\Modules
# default
MAKE_COMMAND := C:/ProgramData/chocolatey/lib/make/tools/install/bin/make.exe
# makefile (from 'e:\dev\projs\C++\openGL_0.1\makefile', line 15)
L_ALL = $(L_GLEW) $(L_GLFW) $(L_EXTRA) $(KOSTILS)
# automatic
@D = $(patsubst %/,%,$(patsubst %\,%,$(dir $@)))
# environment
CHROME_CRASHPAD_PIPE_NAME = \\.\pipe\crashpad_22476_FUUNGIGRDJKQAQXA
# environment
VSCODE_HANDLES_UNCAUGHT_ERRORS = true
# default
.VARIABLES := 
# automatic
%D = $(patsubst %/,%,$(patsubst %\,%,$(dir $%)))
# automatic
^D = $(patsubst %/,%,$(patsubst %\,%,$(dir $^)))
# environment
VSCODE_LOG_STACK = false
# automatic
%F = $(notdir $%)
# environment
VSCODE_CODE_CACHE_PATH = C:\Users\Druid\AppData\Roaming\Code\CachedData\ccbaa2d27e38e5afa3e5c21c1c7bef4657064247
# environment
LANG = C
# makefile (from 'e:\dev\projs\C++\openGL_0.1\makefile', line 9)
L_EXTRA = -lOpenGL32 -lgdi32 -lmingw32
# default
.LOADED := 
# environment
TMP = C:\Users\Druid\AppData\Local\Temp
# default
.INCLUDE_DIRS = .
# environment
PROCESSOR_ARCHITEW6432 = AMD64
# makefile
MAKEFLAGS = pqrR
# makefile
CURDIR := e:/dev/projs/C++/openGL_0.1
# environment
VSCODE_PIPE_LOGGING = true
# environment
APPLICATION_INSIGHTS_NO_DIAGNOSTIC_CHANNEL = true
# automatic
*D = $(patsubst %/,%,$(patsubst %\,%,$(dir $*)))
# environment
PROGRAMFILES = C:\Program Files (x86)
# environment
MFLAGS = -pqrR
# default
.SHELLFLAGS := -c
# environment
COMMONPROGRAMW6432 = C:\Program Files\Common Files
# automatic
+D = $(patsubst %/,%,$(patsubst %\,%,$(dir $+)))
# makefile (from 'e:\dev\projs\C++\openGL_0.1\makefile', line 1)
MAKEFILE_LIST := e:\dev\projs\C++\openGL_0.1\makefile
# automatic
@F = $(notdir $@)
# environment
VSCODE_VERBOSE_LOGGING = true
# environment
VSCODE_PID = 22476
# automatic
?D = $(patsubst %/,%,$(patsubst %\,%,$(dir $?)))
# automatic
*F = $(notdir $*)
# automatic
<D = $(patsubst %/,%,$(patsubst %\,%,$(dir $<)))
# environment
VSCODE_NLS_CONFIG = {"locale":"ru","availableLanguages":{"*":"ru"},"_languagePackId":"28e4b2fc5bea5ef87b3282b37a99c73f.ru","_translationsConfigFile":"C:\\Users\\Druid\\AppData\\Roaming\\Code\\clp\\28e4b2fc5bea5ef87b3282b37a99c73f.ru\\tcf.json","_cacheRoot":"C:\\Users\\Druid\\AppData\\Roaming\\Code\\clp\\28e4b2fc5bea5ef87b3282b37a99c73f.ru","_resolvedLanguagePackCoreLocation":"C:\\Users\\Druid\\AppData\\Roaming\\Code\\clp\\28e4b2fc5bea5ef87b3282b37a99c73f.ru\\ccbaa2d27e38e5afa3e5c21c1c7bef4657064247","_corruptedFile":"C:\\Users\\Druid\\AppData\\Roaming\\Code\\clp\\28e4b2fc5bea5ef87b3282b37a99c73f.ru\\corrupted.info","_languagePackSupport":true}
# default
MAKE_HOST := Windows32
# environment
PROGRAMDATA = C:\ProgramData
# default
SHELL := sh.exe
# environment
HOMEPATH = \Users\Druid
# default
MAKECMDGOALS := all
# environment
DRIVERDATA = C:\Windows\System32\Drivers\DriverData
# environment
COMSPEC = C:\WINDOWS\system32\cmd.exe
# environment
WINDIR = C:\WINDOWS
# makefile (from 'e:\dev\projs\C++\openGL_0.1\makefile', line 10)
KOSTILS = -Wl,-u,___mingw_vsnprintf -Wl,--defsym,___ms_vsnprintf=___mingw_vsnprintf
# environment
MAKELEVEL := 0
# default
MAKE = $(MAKE_COMMAND)
# environment
PATH = C:\Program Files (x86)\Common Files\Oracle\Java\javapath;C:\WINDOWS\system32;C:\WINDOWS;C:\WINDOWS\System32\Wbem;C:\WINDOWS\System32\WindowsPowerShell\v1.0\;C:\WINDOWS\System32\OpenSSH\;C:\Program Files\Git\cmd;C:\Program Files\NVIDIA Corporation\NVIDIA NvDLISR;C:\Program Files\Docker\Docker\resources\bin;C:\ProgramData\DockerDesktop\version-bin;E:\ProgrammStuff\DVR\;C:\ProgramData\chocolatey\bin;C:\Users\Druid\AppData\Local\Programs\Python\Python39;C:\Users\Druid\AppData\Local\Programs\Microsoft VS Code\bin;C:\Users\Druid\Documents\dev;C:\Program Files\PostgreSQL\13\bin;C:\Users\Druid\AppData\Local\Programs\Python\Python39\Scripts;C:\Users\Druid\AppData\Local\GitHubDesktop\bin;C:\MinGW\bin;E:\ProgrammStuff\DVR;
# environment
COMPUTERNAME = DESKTOP-7MVF3RE
# default
MAKEFILES := 
# automatic
^F = $(notdir $^)
# environment
PROMPT = $P$G
# environment
CHOCOLATEYLASTPATHUPDATE = 132827413528291620
# environment
LOGONSERVER = \\DESKTOP-7MVF3RE
# environment
VSCODE_LOG_NATIVE = false
# environment
USERNAME = Druid
# environment
COMMONPROGRAMFILES = C:\Program Files (x86)\Common Files
# automatic
?F = $(notdir $?)
# environment
PROGRAMW6432 = C:\Program Files
# environment
PATHEXT = .COM;.EXE;.BAT;.CMD;.VBS;.VBE;.JS;.JSE;.WSF;.WSH;.MSC;.PY
# automatic
+F = $(notdir $+)
# environment
ORIGINAL_XDG_CURRENT_DESKTOP = undefined
# environment
USERDOMAIN = DESKTOP-7MVF3RE
# 'override' directive
GNUMAKEFLAGS := 
# environment
OS = Windows_NT
# makefile
.DEFAULT_GOAL := build
# default
MAKE_VERSION := 4.3
# environment
PROGRAMFILES(X86) = C:\Program Files (x86)
# environment
USERDOMAIN_ROAMINGPROFILE = DESKTOP-7MVF3RE
# environment
NUMBER_OF_PROCESSORS = 12
# environment
PUBLIC = C:\Users\Public
# environment
APPDATA = C:\Users\Druid\AppData\Roaming
# makefile (from 'e:\dev\projs\C++\openGL_0.1\makefile', line 2)
CFLAGS = -c -static
# environment
HOMEDRIVE = C:
# environment
PROCESSOR_ARCHITECTURE = x86
# environment
VSCODE_AMD_ENTRYPOINT = vs/workbench/services/extensions/node/extensionHostProcess
# environment
COMMONPROGRAMFILES(X86) = C:\Program Files (x86)\Common Files
# makefile (from 'e:\dev\projs\C++\openGL_0.1\makefile', line 14)
I_ALL = $(I_GLEW) $(I_GLFW)
# environment
ELECTRON_RUN_AS_NODE = 1
# environment
TEMP = C:\Users\Druid\AppData\Local\Temp
# environment
VSCODE_IPC_HOOK = \\.\pipe\6bb59bfda87101b9a08e898e425fbaff-1.62.3-main-sock
# makefile (from 'e 
:\dev\projs\C++\openGL_0.1\makefile', line 7)
L_GLEW = -L dependencies\GLEW\lib\Release\Win32 -lglew32s
# default
.RECIPEPREFIX := 
# automatic
<F = $(notdir $<)
# default
SUFFIXES := 
# environment
ALLUSERSPROFILE = C:\ProgramData
# environment
SESSIONNAME = Console
# default
.FEATURES := target-specific order-only second-expansion else-if shortest-stem undefine oneshell nocomment grouped-target extra-prereqs archives jobserver output-sync load
# environment
PROCESSOR_REVISION = 7100
# makefile (from 'e:\dev\projs\C++\openGL_0.1\makefile', line 1)
CC = g++
# environment
PROCESSOR_IDENTIFIER = AMD64 Family 23 Model 113 Stepping 0, AuthenticAMD
# variable set hash-table stats:
# Load=105/1024=10%, Rehash=0, Collisions=9/138=7%

# Pattern-specific Variable Values

# No pattern-specific variable values.

# Directories


# No files, no impossibilities in 0 directories.

# Implicit Rules

# No implicit rules.

# Files

errorHandling.d: src/errorHandling.cpp
#  Implicit rule search has not been done.
#  Modification time never checked.
#  File has not been updated.
#  recipe to execute (from 'e:\dev\projs\C++\openGL_0.1\makefile', line 38):
	$(CC) $(CFLAGS) -g $(FOLDER)errorHandling.cpp $(I_GLEW) -o errorHandling.d

# Not a target:
e:\dev\projs\C++\openGL_0.1\makefile:
#  Implicit rule search has been done.
#  Last modified 2021-11-30 16:23:23
#  File has been updated.
#  Successfully updated.

debug: app.d errorHandling.d Triangle.d
#  Implicit rule search has not been done.
#  Modification time never checked.
#  File has not been updated.
#  recipe to execute (from 'e:\dev\projs\C++\openGL_0.1\makefile', line 32):
	$(CC) -g -static app.d errorHandling.d Triangle.d -o $(FOLDER)app.exe $(L_ALL)

# Not a target:
src/Triangle.cpp:
#  Implicit rule search has not been done.
#  Modification time never checked.
#  File has not been updated.

# Not a target:
src/errorHandling.cpp:
#  Implicit rule search has not been done.
#  Modification time never checked.
#  File has not been updated.

# Not a target:
.DEFAULT:
#  Implicit rule search has not been done.
#  Modification time never checked.
#  File has not been updated.

# Not a target:
all:
#  Command line target.
#  Implicit rule search has been done.
#  File does not exist.
#  File has not been updated.

# Not a target:
src/app.cpp:
#  Implicit rule search has not been done.
#  Modification time never checked.
#  File has not been updated.

build: app.o errorHandling.o Triangle.o
#  Implicit rule search has not been done.
#  Modification time never checked.
#  File has not been updated.
#  recipe to execute (from 'e:\dev\projs\C++\openGL_0.1\makefile', line 18):
	$(CC) -static app.o errorHandling.o Triangle.o -o $(FOLDER)app.exe $(L_ALL)
	$(FOLDER)./app

errorHandling.o: src/errorHandling.cpp
#  Implicit rule search has not been done.
#  Modification time never checked.
#  File has not been updated.
#  recipe to execute (from 'e:\dev\projs\C++\openGL_0.1\makefile', line 25):
	$(CC) $(CFLAGS) $(FOLDER)errorHandling.cpp $(I_GLEW)

Triangle.o: src/Triangle.cpp
#  Implicit rule search has not been done.
#  Modification time never checked.
#  File has not been updated.
#  recipe to execute (from 'e:\dev\projs\C++\openGL_0.1\makefile', line 28):
	$(CC) $(CFLAGS) $(FOLDER)Triangle.cpp $(I_GLEW)

app.d: src/app.cpp
#  Implicit rule search has not been done.
#  Modification time never checked.
#  File has not been updated.
#  recipe to execute (from 'e:\dev\projs\C++\openGL_0.1\makefile', line 35):
	$(CC) $(CFLAGS) -g $(FOLDER)app.cpp $(I_ALL) -o app.d

Triangle.d: src/Triangle.cpp
#  Implicit rule search has not been done.
#  Modification time never checked.
#  File has not been updated.
#  recipe to execute (from 'e:\dev\projs\C++\openGL_0.1\makefile', line 41):
	$(CC) $(CFLAGS) -g $(FOLDER)Triangle.cpp $(I_GLEW) -o Triangle.d

app.o: src/app.cpp
#  Implicit rule search has not been done.
#  Modification time never checked.
#  File has not been updated.
#  recipe to execute (from 'e:\dev\projs\C++\openGL_0.1\makefile', line 22):
	$(CC) $(CFLAGS) $(FOLDER)app.cpp $(I_ALL)

# files hash- 
table stats:
# Load=15/1024=1%, Rehash=0, Collisions=0/43=0%
# VPATH Search Paths

# No 'vpath' search paths.

# No general ('VPATH' variable) search path.

# strcache buffers: 1 (0) / strings = 16 / storage = 191 B / avg = 11 B
# current buf: size = 8174 B / used = 191 B / count = 16 / avg = 11 B

# strcache performance: lookups = 35 / hit rate = 54%
# hash-table stats:
# Load=16/8192=0%, Rehash=0, Collisions=0/35=0%
# Finished Make data base on Tue Nov 30 18:07:45 2021

 
